Removed Pin From Net: NetName=NetC5_1 Pin=M-2
Removed Pin From Net: NetName=GND Pin=P1-1
Removed Pin From Net: NetName=Net2501-2_3 Pin=P1-2
Removed Pin From Net: NetName=Net2501-2_1 Pin=P1-3
Removed Pin From Net: NetName=5VOUT Pin=P1-4
Removed Member From Class: ClassName=ZenDriver_Mini Member=P1
Change Component Footprint: Designator=M Old Footprint=KF2EDGR-3.81.2P New Footprint=HDR1X6H
Change Component Comment : Designator=M Old Comment=3.81 New Comment=Header 6H
Change component parameters: Designator = "M"; Footprint = "HDR1X6H"; UniqueID = "\MBEZOCLD"
Change component parameters. Clean all parameters for all variants
Change component parameters (AddParameter): Name = "LatestRevisionDate"; Value = "17-Jul-2002"; VariantName = "[No Variations]"
Change component parameters (AddParameter): Name = "LatestRevisionNote"; Value = "Re-released for DXP Platform."; VariantName = "[No Variations]"
Change component parameters (AddParameter): Name = "Publisher"; Value = "Altium Limited"; VariantName = "[No Variations]"
Added Component: Designator=D6(0603_LED_S1)
Add component. Clean all parameters for all variants
Add component (AddParameter): Name = "ComponentLink1Description"; Value = "供应商链接"; VariantName = "[No Variations]"
Add component (AddParameter): Name = "ComponentLink1URL"; Value = "http://www.szlcsc.com/product/details_2659.html"; VariantName = "[No Variations]"
Add component (AddParameter): Name = "Notepad"; Value = ""; VariantName = "[No Variations]"
Add component (AddParameter): Name = "Package"; Value = "0603"; VariantName = "[No Variations]"
Add component (AddParameter): Name = "Supplier"; Value = "LC"; VariantName = "[No Variations]"
Add component (AddParameter): Name = "SuppliersPartNumber"; Value = "C2286"; VariantName = "[No Variations]"
Added Component: Designator=SIG(HDR1X6H)
Add component. Clean all parameters for all variants
Add component (AddParameter): Name = "LatestRevisionDate"; Value = "17-Jul-2002"; VariantName = "[No Variations]"
Add component (AddParameter): Name = "LatestRevisionNote"; Value = "Re-released for DXP Platform."; VariantName = "[No Variations]"
Add component (AddParameter): Name = "Publisher"; Value = "Altium Limited"; VariantName = "[No Variations]"
Added Pin To Net: NetName=5VOUT Pin=D6-A
Added Pin To Net: NetName=GND Pin=D6-K
Added Pin To Net: NetName=GND Pin=M-2
Added Pin To Net: NetName=5VOUT Pin=M-5
Added Pin To Net: NetName=NetC5_1 Pin=M-6
Added Pin To Net: NetName=GND Pin=SIG-1
Added Pin To Net: NetName=Net2501-2_3 Pin=SIG-4
Added Pin To Net: NetName=Net2501-2_1 Pin=SIG-5
Added Pin To Net: NetName=5VOUT Pin=SIG-6
Change Net Name : Old Net Name=NetC5_1 New Net Name=M-
Change Net Name : Old Net Name=NetC5_2 New Net Name=M+
Added Pin To Net: NetName=ENCA Pin=M-4
Added Pin To Net: NetName=ENCA Pin=SIG-3
Added Net: Name=ENCA
Added Pin To Net: NetName=ENCB Pin=M-3
Added Pin To Net: NetName=ENCB Pin=SIG-2
Added Net: Name=ENCB
Added Member To Class: ClassName=ZenDriver_Mini Member=Component D6 红 0603 5V 25mA
Added Member To Class: ClassName=ZenDriver_Mini Member=Component SIG Header 6H
